[
  {
    "Id": 4624,
    "Version": 0,
    "Qualifiers": null,
    "Level": 0,
    "Task": 12544,
    "Opcode": 0,
    "Keywords": -9214364837600034816,
    "RecordId": 12345,
    "ProviderName": "Microsoft-Windows-Security-Auditing",
    "ProviderId": "54849625-5478-4994-a5ba-3e3b0328c30d",
    "LogName": "Security",
    "ProcessId": 700,
    "ThreadId": 708,
    "MachineName": "DC01.corp.example.com",
    "UserId": null,
    "TimeCreated": "2023-11-10T10:30:00.123456Z",
    "ActivityId": null,
    "RelatedActivityId": null,
    "Message": "An account was successfully logged on.",
    "Properties": [
      { "Name": "SubjectUserSid", "Value": "S-1-5-18" },
      { "Name": "SubjectUserName", "Value": "SYSTEM" },
      { "Name": "SubjectDomainName", "Value": "NT AUTHORITY" },
      { "Name": "SubjectLogonId", "Value": "0x3e7" },
      { "Name": "TargetUserSid", "Value": "S-1-5-21-XYZ-ABC-1001" },
      { "Name": "TargetUserName", "Value": "Alice" },
      { "Name": "TargetDomainName", "Value": "CORP" },
      { "Name": "TargetLogonId", "Value": "0x12345" },
      { "Name": "LogonType", "Value": "2" },
      { "Name": "LogonProcessName", "Value": "User32" },
      { "Name": "AuthenticationPackageName", "Value": "Negotiate" },
      { "Name": "WorkstationName", "Value": "WKSTN01" },
      { "Name": "LogonGuid", "Value": "{00000000-0000-0000-0000-000000000000}" },
      { "Name": "TransmittedServices", "Value": "-" },
      { "Name": "LmPackageName", "Value": "-" },
      { "Name": "KeyLength", "Value": "0" },
      { "Name": "ProcessId", "Value": "0x0" },
      { "Name": "ProcessName", "Value": "" },
      { "Name": "IpAddress", "Value": "192.168.1.101" },
      { "Name": "IpPort", "Value": "50001" }
    ]
  },
  {
    "Id": 4625,
    "Version": 0,
    "Qualifiers": null,
    "Level": 0,
    "Task": 12544,
    "Opcode": 0,
    "Keywords": -9214364837600034816,
    "RecordId": 12346,
    "ProviderName": "Microsoft-Windows-Security-Auditing",
    "ProviderId": "54849625-5478-4994-a5ba-3e3b0328c30d",
    "LogName": "Security",
    "ProcessId": 700,
    "ThreadId": 712,
    "MachineName": "DC01.corp.example.com",
    "UserId": null,
    "TimeCreated": "2023-11-10T10:35:00.654321Z",
    "ActivityId": null,
    "RelatedActivityId": null,
    "Message": "An account failed to log on.",
    "Properties": [
      { "Name": "SubjectUserSid", "Value": "S-1-0-0" },
      { "Name": "SubjectUserName", "Value": "BruteForceUser" },
      { "Name": "SubjectDomainName", "Value": "CORP" },
      { "Name": "SubjectLogonId", "Value": "0x0" },
      { "Name": "TargetUserSid", "Value": "S-1-5-21-XYZ-ABC-1002" },
      { "Name": "TargetUserName", "Value": "Admin" },
      { "Name": "TargetDomainName", "Value": "CORP" },
      { "Name": "Status", "Value": "0xc000006d" },
      { "Name": "FailureReason", "Value": "%%2313" },
      { "Name": "SubStatus", "Value": "0xc000006a" },
      { "Name": "LogonType", "Value": "3" }, // Network Logon
      { "Name": "LogonProcessName", "Value": "NtLmSsp" },
      { "Name": "AuthenticationPackageName", "Value": "NTLM" },
      { "Name": "WorkstationName", "Value": "ATTACKER-PC" },
      { "Name": "ProcessId", "Value": "0x0" },
      { "Name": "ProcessName", "Value": "" },
      { "Name": "IpAddress", "Value": "10.0.0.150" },
      { "Name": "IpPort", "Value": "0" }
    ]
  },
  {
    "Id": 4688,
    "Version": 0,
    "Qualifiers": null,
    "Level": 0,
    "Task": 13312,
    "Opcode": 0,
    "Keywords": -9223372036854775808,
    "RecordId": 12347,
    "ProviderName": "Microsoft-Windows-Security-Auditing",
    "ProviderId": "54849625-5478-4994-a5ba-3e3b0328c30d",
    "LogName": "Security",
    "ProcessId": 704, // System Process ID that created the new process
    "ThreadId": 1120,
    "MachineName": "WKSTN02.corp.example.com",
    "UserId": null,
    "TimeCreated": "2023-11-10T11:00:00.000000Z",
    "ActivityId": null,
    "RelatedActivityId": null,
    "Message": "A new process has been created.",
    "Properties": [
      { "Name": "SubjectUserSid", "Value": "S-1-5-21-XYZ-ABC-1001" },
      { "Name": "SubjectUserName", "Value": "Alice" },
      { "Name": "SubjectDomainName", "Value": "CORP" },
      { "Name": "SubjectLogonId", "Value": "0x12345" },
      { "Name": "NewProcessId", "Value": "0x1a2b" }, // PID of the new process (6700 in decimal)
      { "Name": "NewProcessName", "Value": "C:\\Windows\\System32\\cmd.exe" },
      { "Name": "TokenElevationType", "Value": "%%1936" }, // Default
      { "Name": "ProcessId", "Value": "0x1a20" }, // PID of the parent process (6688 in decimal)
      { "Name": "CommandLine", "Value": "cmd /c \"echo hello > C:\\Users\\Alice\\Desktop\\test.txt\"" },
      { "Name": "TargetUserSid", "Value": "S-1-0-0" }, // Not applicable for process creation usually
      { "Name": "TargetUserName", "Value": null },
      { "Name": "TargetDomainName", "Value": null },
      { "Name": "TargetLogonId", "Value": "0x0" },
      { "Name": "ParentProcessName", "Value": "C:\\Windows\\explorer.exe" }, // Example parent
      { "Name": "MandatoryLabel", "Value": "S-1-16-8192" }
    ]
  }
]
